# JRE version: OpenJDK Runtime Environment Temurin-25.0.3+9 (25.0.3+9) (build 25.0.3+9-LTS)
# Java VM: OpenJDK 64-Bit Server VM Temurin-25.0.3+9 (25.0.3+9-LTS, mixed mode, sharing, tiered, compressed oops, compressed class ptrs, g1 gc, windows-amd64)
GC Precious Log:
 CardTable entry size: 512
 Card Set container configuration: InlinePtr #cards 5 size 8 Array Of Cards #cards 10 size 36 Howl #buckets 4 coarsen threshold 1843 Howl Bitmap #cards 512 size 80 coarsen threshold 460 Card regions per heap region 1 cards per card region 2048
 CPUs: 4 total, 4 available
 Memory: 3970M
 Large Page Support: Disabled
 NUMA Support: Disabled
 Compressed Oops: Enabled (32-bit)
 Heap Region Size: 1M
 Heap Min Capacity: 8M
 Heap Initial Capacity: 64M
 Heap Max Capacity: 994M
 Pre-touch: Disabled
 Parallel Workers: 4
 Concurrent Workers: 1
 Concurrent Refinement Workers: 4
 Periodic GC: Disabled
Heap:
 garbage-first heap   total reserved 1017856K, committed 45056K, used 29425K [0x00000000c1e00000, 0x0000000100000000)
  region size 1024K, 18 young (18432K), 2 survivors (2048K)
GC Heap Usage History (12 events):
Event: 2.562 {heap Before GC invocations=0 (full 0):
 garbage-first heap   total reserved 1017856K, committed 67584K, used 29842K [0x00000000c1e00000, 0x0000000100000000)
  region size 1024K, 28 young (28672K), 0 survivors (0K)
}
Event: 2.577 {heap After GC invocations=1 (full 0):
 garbage-first heap   total reserved 1017856K, committed 67584K, used 7698K [0x00000000c1e00000, 0x0000000100000000)
  region size 1024K, 4 young (4096K), 4 survivors (4096K)
}
Event: 7.216 {heap Before GC invocations=1 (full 0):
 garbage-first heap   total reserved 1017856K, committed 67584K, used 31250K [0x00000000c1e00000, 0x0000000100000000)
  region size 1024K, 28 young (28672K), 4 survivors (4096K)
}
Event: 7.225 {heap After GC invocations=2 (full 0):
 garbage-first heap   total reserved 1017856K, committed 67584K, used 10452K [0x00000000c1e00000, 0x0000000100000000)
  region size 1024K, 3 young (3072K), 3 survivors (3072K)
}
Event: 148.786 {heap Before GC invocations=2 (full 0):
 garbage-first heap   total reserved 1017856K, committed 67584K, used 39124K [0x00000000c1e00000, 0x0000000100000000)
  region size 1024K, 31 young (31744K), 3 survivors (3072K)
}
Event: 148.891 {heap After GC invocations=3 (full 0):
 garbage-first heap   total reserved 1017856K, committed 67584K, used 12036K [0x00000000c1e00000, 0x0000000100000000)
  region size 1024K, 2 young (2048K), 2 survivors (2048K)
}
Event: 149.418 {heap Before GC invocations=3 (full 0):
 garbage-first heap   total reserved 1017856K, committed 67584K, used 16132K [0x00000000c1e00000, 0x0000000100000000)
  region size 1024K, 7 young (7168K), 2 survivors (2048K)
}
Event: 149.435 {heap After GC invocations=4 (full 0):
 garbage-first heap   total reserved 1017856K, committed 67584K, used 12256K [0x00000000c1e00000, 0x0000000100000000)
  region size 1024K, 2 young (2048K), 2 survivors (2048K)
}
Event: 150.151 {heap Before GC invocations=5 (full 0):
 garbage-first heap   total reserved 1017856K, committed 45056K, used 36832K [0x00000000c1e00000, 0x0000000100000000)
  region size 1024K, 26 young (26624K), 2 survivors (2048K)
}
Event: 150.160 {heap After GC invocations=6 (full 0):
 garbage-first heap   total reserved 1017856K, committed 45056K, used 13285K [0x00000000c1e00000, 0x0000000100000000)
  region size 1024K, 3 young (3072K), 3 survivors (3072K)
}
Event: 150.192 {heap Before GC invocations=6 (full 0):
 garbage-first heap   total reserved 1017856K, committed 45056K, used 34789K [0x00000000c1e00000, 0x0000000100000000)
  region size 1024K, 24 young (24576K), 3 survivors (3072K)
}
Event: 150.203 {heap After GC invocations=7 (full 0):
 garbage-first heap   total reserved 1017856K, committed 45056K, used 14065K [0x00000000c1e00000, 0x0000000100000000)
  region size 1024K, 2 young (2048K), 2 survivors (2048K)
}

