# JRE version: OpenJDK Runtime Environment Temurin-25.0.3+9 (25.0.3+9) (build 25.0.3+9-LTS)
# Java VM: OpenJDK 64-Bit Server VM Temurin-25.0.3+9 (25.0.3+9-LTS, mixed mode, sharing, tiered, compressed oops, compressed class ptrs, g1 gc, windows-amd64)
GC Precious Log:
 CardTable entry size: 512
 Card Set container configuration: InlinePtr #cards 5 size 8 Array Of Cards #cards 10 size 36 Howl #buckets 4 coarsen threshold 1843 Howl Bitmap #cards 512 size 80 coarsen threshold 460 Card regions per heap region 1 cards per card region 2048
 CPUs: 4 total, 4 available
 Memory: 3970M
 Large Page Support: Disabled
 NUMA Support: Disabled
 Compressed Oops: Enabled (32-bit)
 Heap Region Size: 1M
 Heap Min Capacity: 8M
 Heap Initial Capacity: 64M
 Heap Max Capacity: 994M
 Pre-touch: Disabled
 Parallel Workers: 4
 Concurrent Workers: 1
 Concurrent Refinement Workers: 4
 Periodic GC: Disabled
Heap:
 garbage-first heap   total reserved 1017856K, committed 61440K, used 31530K [0x00000000c1e00000, 0x0000000100000000)
  region size 1024K, 12 young (12288K), 2 survivors (2048K)
GC Heap Usage History (18 events):
Event: 1.678 {heap Before GC invocations=0 (full 0):
 garbage-first heap   total reserved 1017856K, committed 67584K, used 29842K [0x00000000c1e00000, 0x0000000100000000)
  region size 1024K, 28 young (28672K), 0 survivors (0K)
}
Event: 1.699 {heap After GC invocations=1 (full 0):
 garbage-first heap   total reserved 1017856K, committed 67584K, used 4754K [0x00000000c1e00000, 0x0000000100000000)
  region size 1024K, 4 young (4096K), 4 survivors (4096K)
}
Event: 2.251 {heap Before GC invocations=1 (full 0):
 garbage-first heap   total reserved 1017856K, committed 67584K, used 32402K [0x00000000c1e00000, 0x0000000100000000)
  region size 1024K, 31 young (31744K), 4 survivors (4096K)
}
Event: 2.255 {heap After GC invocations=2 (full 0):
 garbage-first heap   total reserved 1017856K, committed 67584K, used 4798K [0x00000000c1e00000, 0x0000000100000000)
  region size 1024K, 1 young (1024K), 1 survivors (1024K)
}
Event: 2.739 {heap Before GC invocations=2 (full 0):
 garbage-first heap   total reserved 1017856K, committed 67584K, used 39614K [0x00000000c1e00000, 0x0000000100000000)
  region size 1024K, 35 young (35840K), 1 survivors (1024K)
}
Event: 2.741 {heap After GC invocations=3 (full 0):
 garbage-first heap   total reserved 1017856K, committed 67584K, used 5047K [0x00000000c1e00000, 0x0000000100000000)
  region size 1024K, 2 young (2048K), 2 survivors (2048K)
}
Event: 3.671 {heap Before GC invocations=3 (full 0):
 garbage-first heap   total reserved 1017856K, committed 67584K, used 42935K [0x00000000c1e00000, 0x0000000100000000)
  region size 1024K, 38 young (38912K), 2 survivors (2048K)
}
Event: 3.673 {heap After GC invocations=4 (full 0):
 garbage-first heap   total reserved 1017856K, committed 67584K, used 6568K [0x00000000c1e00000, 0x0000000100000000)
  region size 1024K, 1 young (1024K), 1 survivors (1024K)
}
Event: 5.222 {heap Before GC invocations=4 (full 0):
 garbage-first heap   total reserved 1017856K, committed 67584K, used 43432K [0x00000000c1e00000, 0x0000000100000000)
  region size 1024K, 38 young (38912K), 1 survivors (1024K)
}
Event: 5.226 {heap After GC invocations=5 (full 0):
 garbage-first heap   total reserved 1017856K, committed 67584K, used 8210K [0x00000000c1e00000, 0x0000000100000000)
  region size 1024K, 3 young (3072K), 3 survivors (3072K)
}
Event: 6.530 {heap Before GC invocations=5 (full 0):
 garbage-first heap   total reserved 1017856K, committed 67584K, used 43026K [0x00000000c1e00000, 0x0000000100000000)
  region size 1024K, 38 young (38912K), 3 survivors (3072K)
}
Event: 6.538 {heap After GC invocations=6 (full 0):
 garbage-first heap   total reserved 1017856K, committed 67584K, used 10597K [0x00000000c1e00000, 0x0000000100000000)
  region size 1024K, 5 young (5120K), 5 survivors (5120K)
}
Event: 7.863 {heap Before GC invocations=6 (full 0):
 garbage-first heap   total reserved 1017856K, committed 67584K, used 43365K [0x00000000c1e00000, 0x0000000100000000)
  region size 1024K, 38 young (38912K), 5 survivors (5120K)
}
Event: 7.874 {heap After GC invocations=7 (full 0):
 garbage-first heap   total reserved 1017856K, committed 67584K, used 13330K [0x00000000c1e00000, 0x0000000100000000)
  region size 1024K, 5 young (5120K), 5 survivors (5120K)
}
Event: 8.856 {heap Before GC invocations=7 (full 0):
 garbage-first heap   total reserved 1017856K, committed 67584K, used 47122K [0x00000000c1e00000, 0x0000000100000000)
  region size 1024K, 38 young (38912K), 5 survivors (5120K)
}
Event: 8.866 {heap After GC invocations=8 (full 0):
 garbage-first heap   total reserved 1017856K, committed 67584K, used 15871K [0x00000000c1e00000, 0x0000000100000000)
  region size 1024K, 5 young (5120K), 5 survivors (5120K)
}
Event: 9.574 {heap Before GC invocations=8 (full 0):
 garbage-first heap   total reserved 1017856K, committed 67584K, used 32255K [0x00000000c1e00000, 0x0000000100000000)
  region size 1024K, 22 young (22528K), 5 survivors (5120K)
}
Event: 9.585 {heap After GC invocations=9 (full 0):
 garbage-first heap   total reserved 1017856K, committed 67584K, used 16912K [0x00000000c1e00000, 0x0000000100000000)
  region size 1024K, 4 young (4096K), 4 survivors (4096K)
}

