<?xml version="1.0" encoding="UTF-8"?>
<!-- Generated by org.testng.reporters.JUnitXMLReporter -->
<testsuite ignored="0" hostname="DESKTOP-4MDKA1R" failures="2" tests="8" name="Surefire test" time="118.311" errors="0" timestamp="2026-07-07T12:44:29 IST">
  <testcase classname="com.test.ohrm.testcases.homePageTest" name="verifyHomePageTitleTest" time="4.125"/>
  <testcase classname="com.test.ohrm.testcases.homePageTest" name="validateHomePageDashboardIconTest" time="4.299"/>
  <testcase classname="com.test.ohrm.testcases.homePageTest" name="validateAdminButtonTest" time="3.079"/>
  <testcase classname="com.test.ohrm.testcases.homePageTest" name="inputSearchTextAndVerifyTest" time="7.662"/>
  <testcase classname="com.test.ohrm.testcases.loginPageTest" name="loginPageTitleTest" time="0.012"/>
  <testcase classname="com.test.ohrm.testcases.loginPageTest" name="ohrmLogoTest" time="2.093">
    <failure type="java.lang.AssertionError" message="expected [true] but found [false]">
      <![CDATA[java.lang.AssertionError: expected [true] but found [false]
at com.test.ohrm.testcases.loginPageTest.ohrmLogoTest(loginPageTest.java:37)
at java.base/java.util.ArrayList.forEach(ArrayList.java:1604)
... Removed 34 stack frames]]>
    </failure>
  </testcase> <!-- ohrmLogoTest -->
  <testcase classname="com.test.ohrm.testcases.loginPageTest" name="loginTest" time="2.487"/>
  <testcase classname="com.test.ohrm.testcases.myInfoTest" name="enterInfo" time="13.82">
    <failure type="org.openqa.selenium.ElementClickInterceptedException" message="element click intercepted: Element &amp;lt;input data-v-1f99f73c=&amp;quot;&amp;quot; class=&amp;quot;oxd-input oxd-input--active orangehrm-firstname&amp;quot; name=&amp;quot;firstName&amp;quot; placeholder=&amp;quot;First Name&amp;quot;&amp;gt; is not clickable at point (673, 271). Other element would receive the click: &amp;lt;div data-v-d5bfe35b=&amp;quot;&amp;quot; class=&amp;quot;oxd-form-loader&amp;quot;&amp;gt;...&amp;lt;/div&amp;gt;
  (Session info: chrome=150.0.7871.47)
Build info: version: &amp;apos;4.25.0&amp;apos;, revision: &amp;apos;8a8aea2337&amp;apos;
System info: os.name: &amp;apos;Windows 10&amp;apos;, os.arch: &amp;apos;amd64&amp;apos;, os.version: &amp;apos;10.0&amp;apos;, java.version: &amp;apos;25.0.3&amp;apos;
Driver info: org.openqa.selenium.chrome.ChromeDriver
Command: [b38bca383dce62ffde9add1bc6de56a8, clickElement {id=f.93566FA0F6BECFF3912FCD9172545B53.d.A3F96364D84AE14F582B2ECF6FCF6397.e.189}]
Capabilities {acceptInsecureCerts: false, browserName: chrome, browserVersion: 150.0.7871.47, chrome: {chromedriverVersion: 150.0.7871.46 (5b586c06e0d2..., userDataDir: C:\Users\lenovo\AppData\Loc...}, fedcm:accounts: true, goog:chromeOptions: {debuggerAddress: localhost:50422}, goog:processID: 9280, networkConnectionEnabled: false, pageLoadStrategy: normal, platformName: windows, proxy: Proxy(), se:cdp: ws://localhost:50422/devtoo..., se:cdpVersion: 150.0.7871.47, setWindowRect: true, strictFileInteractability: false, timeouts: {implicit: 0, pageLoad: 300000, script: 30000}, unhandledPromptBehavior: dismiss and notify, webauthn:extension:credBlob: true, webauthn:extension:largeBlob: true, webauthn:extension:minPinLength: true, webauthn:extension:prf: true, webauthn:virtualAuthenticators: true}
Element: [[ChromeDriver: chrome on windows (b38bca383dce62ffde9add1bc6de56a8)] -&amp;gt; name: firstName]
Session ID: b38bca383dce62ffde9add1bc6de56a8">
      <![CDATA[org.openqa.selenium.ElementClickInterceptedException: element click intercepted: Element <input data-v-1f99f73c="" class="oxd-input oxd-input--active orangehrm-firstname" name="firstName" placeholder="First Name"> is not clickable at point (673, 271). Other element would receive the click: <div data-v-d5bfe35b="" class="oxd-form-loader">...</div>
  (Session info: chrome=150.0.7871.47)
Build info: version: '4.25.0', revision: '8a8aea2337'
System info: os.name: 'Windows 10', os.arch: 'amd64', os.version: '10.0', java.version: '25.0.3'
Driver info: org.openqa.selenium.chrome.ChromeDriver
Command: [b38bca383dce62ffde9add1bc6de56a8, clickElement {id=f.93566FA0F6BECFF3912FCD9172545B53.d.A3F96364D84AE14F582B2ECF6FCF6397.e.189}]
Capabilities {acceptInsecureCerts: false, browserName: chrome, browserVersion: 150.0.7871.47, chrome: {chromedriverVersion: 150.0.7871.46 (5b586c06e0d2..., userDataDir: C:\Users\lenovo\AppData\Loc...}, fedcm:accounts: true, goog:chromeOptions: {debuggerAddress: localhost:50422}, goog:processID: 9280, networkConnectionEnabled: false, pageLoadStrategy: normal, platformName: windows, proxy: Proxy(), se:cdp: ws://localhost:50422/devtoo..., se:cdpVersion: 150.0.7871.47, setWindowRect: true, strictFileInteractability: false, timeouts: {implicit: 0, pageLoad: 300000, script: 30000}, unhandledPromptBehavior: dismiss and notify, webauthn:extension:credBlob: true, webauthn:extension:largeBlob: true, webauthn:extension:minPinLength: true, webauthn:extension:prf: true, webauthn:virtualAuthenticators: true}
Element: [[ChromeDriver: chrome on windows (b38bca383dce62ffde9add1bc6de56a8)] -> name: firstName]
Session ID: b38bca383dce62ffde9add1bc6de56a8
at org.openqa.selenium.remote.ErrorCodec.decode(ErrorCodec.java:167)
at org.openqa.selenium.remote.codec.w3c.W3CHttpResponseCodec.decode(W3CHttpResponseCodec.java:138)
at org.openqa.selenium.remote.codec.w3c.W3CHttpResponseCodec.decode(W3CHttpResponseCodec.java:50)
at org.openqa.selenium.remote.HttpCommandExecutor.execute(HttpCommandExecutor.java:190)
at org.openqa.selenium.remote.service.DriverCommandExecutor.invokeExecute(DriverCommandExecutor.java:216)
at org.openqa.selenium.remote.service.DriverCommandExecutor.execute(DriverCommandExecutor.java:174)
at org.openqa.selenium.remote.RemoteWebDriver.execute(RemoteWebDriver.java:545)
at org.openqa.selenium.remote.RemoteWebElement.execute(RemoteWebElement.java:223)
at org.openqa.selenium.remote.RemoteWebElement.click(RemoteWebElement.java:76)
at com.test.ohrm.pages.MyInfoPage.updateMyInfo(MyInfoPage.java:55)
at com.test.ohrm.testcases.myInfoTest.enterInfo(myInfoTest.java:48)
at java.base/java.util.ArrayList.forEach(ArrayList.java:1604)
... Removed 33 stack frames]]>
    </failure>
  </testcase> <!-- enterInfo -->
</testsuite> <!-- Surefire test -->
