<?xml version="1.0" encoding="UTF-8"?>
<testng-results ignored="0" total="8" passed="6" failed="2" skipped="0">
  <reporter-output>
  </reporter-output>
  <suite started-at="2026-07-07T15:07:36 IST" name="Surefire suite" finished-at="2026-07-07T15:14:35 IST" duration-ms="419148">
    <groups>
    </groups>
    <test started-at="2026-07-07T15:07:36 IST" name="Surefire test" finished-at="2026-07-07T15:14:35 IST" duration-ms="419148">
      <class name="com.test.ohrm.testcases.homePageTest">
        <test-method is-config="true" signature="setup()[pri:0, instance:com.test.ohrm.testcases.homePageTest@341b80b2]" started-at="2026-07-07T15:07:36 IST" name="setup" finished-at="2026-07-07T15:08:30 IST" duration-ms="54191" status="PASS">
          <reporter-output>
          </reporter-output>
        </test-method> <!-- setup -->
        <test-method signature="verifyHomePageTitleTest()[pri:0, instance:com.test.ohrm.testcases.homePageTest@341b80b2]" started-at="2026-07-07T15:08:30 IST" name="verifyHomePageTitleTest" finished-at="2026-07-07T15:08:30 IST" duration-ms="23" status="PASS">
          <reporter-output>
          </reporter-output>
        </test-method> <!-- verifyHomePageTitleTest -->
        <test-method is-config="true" signature="teardown()[pri:0, instance:com.test.ohrm.testcases.homePageTest@341b80b2]" started-at="2026-07-07T15:08:30 IST" name="teardown" finished-at="2026-07-07T15:08:32 IST" duration-ms="1881" status="PASS">
          <reporter-output>
          </reporter-output>
        </test-method> <!-- teardown -->
        <test-method is-config="true" signature="setup()[pri:0, instance:com.test.ohrm.testcases.homePageTest@341b80b2]" started-at="2026-07-07T15:08:32 IST" name="setup" finished-at="2026-07-07T15:09:34 IST" duration-ms="62518" status="PASS">
          <reporter-output>
          </reporter-output>
        </test-method> <!-- setup -->
        <test-method signature="validateHomePageDashboardIconTest()[pri:1, instance:com.test.ohrm.testcases.homePageTest@341b80b2]" started-at="2026-07-07T15:09:34 IST" name="validateHomePageDashboardIconTest" finished-at="2026-07-07T15:09:36 IST" duration-ms="1393" status="PASS">
          <reporter-output>
          </reporter-output>
        </test-method> <!-- validateHomePageDashboardIconTest -->
        <test-method is-config="true" signature="teardown()[pri:0, instance:com.test.ohrm.testcases.homePageTest@341b80b2]" started-at="2026-07-07T15:09:36 IST" name="teardown" finished-at="2026-07-07T15:09:36 IST" duration-ms="365" status="PASS">
          <reporter-output>
          </reporter-output>
        </test-method> <!-- teardown -->
        <test-method is-config="true" signature="setup()[pri:0, instance:com.test.ohrm.testcases.homePageTest@341b80b2]" started-at="2026-07-07T15:09:36 IST" name="setup" finished-at="2026-07-07T15:10:28 IST" duration-ms="52270" status="PASS">
          <reporter-output>
          </reporter-output>
        </test-method> <!-- setup -->
        <test-method signature="validateAdminButtonTest()[pri:2, instance:com.test.ohrm.testcases.homePageTest@341b80b2]" started-at="2026-07-07T15:10:28 IST" name="validateAdminButtonTest" finished-at="2026-07-07T15:10:29 IST" duration-ms="639" status="PASS">
          <reporter-output>
          </reporter-output>
        </test-method> <!-- validateAdminButtonTest -->
        <test-method is-config="true" signature="teardown()[pri:0, instance:com.test.ohrm.testcases.homePageTest@341b80b2]" started-at="2026-07-07T15:10:29 IST" name="teardown" finished-at="2026-07-07T15:10:29 IST" duration-ms="387" status="PASS">
          <reporter-output>
          </reporter-output>
        </test-method> <!-- teardown -->
        <test-method is-config="true" signature="setup()[pri:0, instance:com.test.ohrm.testcases.homePageTest@341b80b2]" started-at="2026-07-07T15:10:29 IST" name="setup" finished-at="2026-07-07T15:11:17 IST" duration-ms="47165" status="PASS">
          <reporter-output>
          </reporter-output>
        </test-method> <!-- setup -->
        <test-method signature="inputSearchTextAndVerifyTest()[pri:3, instance:com.test.ohrm.testcases.homePageTest@341b80b2]" started-at="2026-07-07T15:11:17 IST" name="inputSearchTextAndVerifyTest" finished-at="2026-07-07T15:11:30 IST" duration-ms="13251" status="PASS">
          <reporter-output>
          </reporter-output>
        </test-method> <!-- inputSearchTextAndVerifyTest -->
        <test-method is-config="true" signature="teardown()[pri:0, instance:com.test.ohrm.testcases.homePageTest@341b80b2]" started-at="2026-07-07T15:11:30 IST" name="teardown" finished-at="2026-07-07T15:11:30 IST" duration-ms="290" status="PASS">
          <reporter-output>
          </reporter-output>
        </test-method> <!-- teardown -->
      </class> <!-- com.test.ohrm.testcases.homePageTest -->
      <class name="com.test.ohrm.testcases.myInfoTest">
        <test-method is-config="true" signature="setup()[pri:0, instance:com.test.ohrm.testcases.myInfoTest@78b1cc93]" started-at="2026-07-07T15:13:28 IST" name="setup" finished-at="2026-07-07T15:14:21 IST" duration-ms="52374" status="PASS">
          <reporter-output>
          </reporter-output>
        </test-method> <!-- setup -->
        <test-method signature="enterInfo(java.lang.String,java.lang.String)[pri:0, instance:com.test.ohrm.testcases.myInfoTest@78b1cc93]" started-at="2026-07-07T15:14:21 IST" name="enterInfo" data-provider="getTestData" finished-at="2026-07-07T15:14:34 IST" duration-ms="13744" status="FAIL">
          <params>
            <param index="0">
              <value>
                <![CDATA[Sanky]]>
              </value>
            </param>
            <param index="1">
              <value>
                <![CDATA[Panky]]>
              </value>
            </param>
          </params>
          <exception class="org.openqa.selenium.ElementClickInterceptedException">
            <message>
              <![CDATA[element click intercepted: Element <input data-v-1f99f73c="" class="oxd-input oxd-input--active orangehrm-firstname" name="firstName" placeholder="First Name"> is not clickable at point (673, 271). Other element would receive the click: <div data-v-d5bfe35b="" class="oxd-form-loader">...</div>
  (Session info: chrome=150.0.7871.47)
Build info: version: '4.25.0', revision: '8a8aea2337'
System info: os.name: 'Windows 10', os.arch: 'amd64', os.version: '10.0', java.version: '25.0.3'
Driver info: org.openqa.selenium.chrome.ChromeDriver
Command: [07dec7b3115662f88e9e502a78cd19c7, clickElement {id=f.D9AEB3A4A1ADA91C73D56CE14D3856A2.d.AC3FD07DE995BEFD6B1A240F5B23EDCC.e.94}]
Capabilities {acceptInsecureCerts: false, browserName: chrome, browserVersion: 150.0.7871.47, chrome: {chromedriverVersion: 150.0.7871.46 (5b586c06e0d2..., userDataDir: C:\Users\lenovo\AppData\Loc...}, fedcm:accounts: true, goog:chromeOptions: {debuggerAddress: localhost:52396}, goog:processID: 4428, networkConnectionEnabled: false, pageLoadStrategy: normal, platformName: windows, proxy: Proxy(), se:cdp: ws://localhost:52396/devtoo..., se:cdpVersion: 150.0.7871.47, setWindowRect: true, strictFileInteractability: false, timeouts: {implicit: 0, pageLoad: 300000, script: 30000}, unhandledPromptBehavior: dismiss and notify, webauthn:extension:credBlob: true, webauthn:extension:largeBlob: true, webauthn:extension:minPinLength: true, webauthn:extension:prf: true, webauthn:virtualAuthenticators: true}
Element: [[ChromeDriver: chrome on windows (07dec7b3115662f88e9e502a78cd19c7)] -> name: firstName]
Session ID: 07dec7b3115662f88e9e502a78cd19c7]]>
            </message>
            <full-stacktrace>
              <![CDATA[org.openqa.selenium.ElementClickInterceptedException: element click intercepted: Element <input data-v-1f99f73c="" class="oxd-input oxd-input--active orangehrm-firstname" name="firstName" placeholder="First Name"> is not clickable at point (673, 271). Other element would receive the click: <div data-v-d5bfe35b="" class="oxd-form-loader">...</div>
  (Session info: chrome=150.0.7871.47)
Build info: version: '4.25.0', revision: '8a8aea2337'
System info: os.name: 'Windows 10', os.arch: 'amd64', os.version: '10.0', java.version: '25.0.3'
Driver info: org.openqa.selenium.chrome.ChromeDriver
Command: [07dec7b3115662f88e9e502a78cd19c7, clickElement {id=f.D9AEB3A4A1ADA91C73D56CE14D3856A2.d.AC3FD07DE995BEFD6B1A240F5B23EDCC.e.94}]
Capabilities {acceptInsecureCerts: false, browserName: chrome, browserVersion: 150.0.7871.47, chrome: {chromedriverVersion: 150.0.7871.46 (5b586c06e0d2..., userDataDir: C:\Users\lenovo\AppData\Loc...}, fedcm:accounts: true, goog:chromeOptions: {debuggerAddress: localhost:52396}, goog:processID: 4428, networkConnectionEnabled: false, pageLoadStrategy: normal, platformName: windows, proxy: Proxy(), se:cdp: ws://localhost:52396/devtoo..., se:cdpVersion: 150.0.7871.47, setWindowRect: true, strictFileInteractability: false, timeouts: {implicit: 0, pageLoad: 300000, script: 30000}, unhandledPromptBehavior: dismiss and notify, webauthn:extension:credBlob: true, webauthn:extension:largeBlob: true, webauthn:extension:minPinLength: true, webauthn:extension:prf: true, webauthn:virtualAuthenticators: true}
Element: [[ChromeDriver: chrome on windows (07dec7b3115662f88e9e502a78cd19c7)] -> name: firstName]
Session ID: 07dec7b3115662f88e9e502a78cd19c7
at java.base/jdk.internal.reflect.DirectConstructorHandleAccessor.newInstance(DirectConstructorHandleAccessor.java:62)
at java.base/java.lang.reflect.Constructor.newInstanceWithCaller(Constructor.java:499)
at java.base/java.lang.reflect.Constructor.newInstance(Constructor.java:483)
at org.openqa.selenium.remote.ErrorCodec.decode(ErrorCodec.java:167)
at org.openqa.selenium.remote.codec.w3c.W3CHttpResponseCodec.decode(W3CHttpResponseCodec.java:138)
at org.openqa.selenium.remote.codec.w3c.W3CHttpResponseCodec.decode(W3CHttpResponseCodec.java:50)
at org.openqa.selenium.remote.HttpCommandExecutor.execute(HttpCommandExecutor.java:190)
at org.openqa.selenium.remote.service.DriverCommandExecutor.invokeExecute(DriverCommandExecutor.java:216)
at org.openqa.selenium.remote.service.DriverCommandExecutor.execute(DriverCommandExecutor.java:174)
at org.openqa.selenium.remote.RemoteWebDriver.execute(RemoteWebDriver.java:545)
at org.openqa.selenium.remote.RemoteWebElement.execute(RemoteWebElement.java:223)
at org.openqa.selenium.remote.RemoteWebElement.click(RemoteWebElement.java:76)
at com.test.ohrm.pages.MyInfoPage.updateMyInfo(MyInfoPage.java:55)
at com.test.ohrm.testcases.myInfoTest.enterInfo(myInfoTest.java:48)
at java.base/jdk.internal.reflect.DirectMethodHandleAccessor.invoke(DirectMethodHandleAccessor.java:104)
at java.base/java.lang.reflect.Method.invoke(Method.java:565)
at org.testng.internal.invokers.MethodInvocationHelper.invokeMethod(MethodInvocationHelper.java:139)
at org.testng.internal.invokers.TestInvoker.invokeMethod(TestInvoker.java:664)
at org.testng.internal.invokers.TestInvoker.invokeTestMethod(TestInvoker.java:228)
at org.testng.internal.invokers.MethodRunner.runInSequence(MethodRunner.java:63)
at org.testng.internal.invokers.TestInvoker$MethodInvocationAgent.invoke(TestInvoker.java:961)
at org.testng.internal.invokers.TestInvoker.invokeTestMethods(TestInvoker.java:201)
at org.testng.internal.invokers.TestMethodWorker.invokeTestMethods(TestMethodWorker.java:148)
at org.testng.internal.invokers.TestMethodWorker.run(TestMethodWorker.java:128)
at java.base/java.util.ArrayList.forEach(ArrayList.java:1604)
at org.testng.TestRunner.privateRun(TestRunner.java:819)
at org.testng.TestRunner.run(TestRunner.java:619)
at org.testng.SuiteRunner.runTest(SuiteRunner.java:443)
at org.testng.SuiteRunner.runSequentially(SuiteRunner.java:437)
at org.testng.SuiteRunner.privateRun(SuiteRunner.java:397)
at org.testng.SuiteRunner.run(SuiteRunner.java:336)
at org.testng.SuiteRunnerWorker.runSuite(SuiteRunnerWorker.java:52)
at org.testng.SuiteRunnerWorker.run(SuiteRunnerWorker.java:95)
at org.testng.TestNG.runSuitesSequentially(TestNG.java:1301)
at org.testng.TestNG.runSuitesLocally(TestNG.java:1228)
at org.testng.TestNG.runSuites(TestNG.java:1134)
at org.testng.TestNG.run(TestNG.java:1101)
at org.apache.maven.surefire.testng.TestNGExecutor.run(TestNGExecutor.java:155)
at org.apache.maven.surefire.testng.TestNGDirectoryTestSuite.executeMulti(TestNGDirectoryTestSuite.java:169)
at org.apache.maven.surefire.testng.TestNGDirectoryTestSuite.execute(TestNGDirectoryTestSuite.java:88)
at org.apache.maven.surefire.testng.TestNGProvider.invoke(TestNGProvider.java:137)
at org.apache.maven.surefire.booter.ForkedBooter.runSuitesInProcess(ForkedBooter.java:385)
at org.apache.maven.surefire.booter.ForkedBooter.execute(ForkedBooter.java:162)
at org.apache.maven.surefire.booter.ForkedBooter.run(ForkedBooter.java:507)
at org.apache.maven.surefire.booter.ForkedBooter.main(ForkedBooter.java:495)
]]>
            </full-stacktrace>
          </exception> <!-- org.openqa.selenium.ElementClickInterceptedException -->
          <reporter-output>
          </reporter-output>
        </test-method> <!-- enterInfo -->
        <test-method is-config="true" signature="teardown()[pri:0, instance:com.test.ohrm.testcases.myInfoTest@78b1cc93]" started-at="2026-07-07T15:14:34 IST" name="teardown" finished-at="2026-07-07T15:14:35 IST" duration-ms="294" status="PASS">
          <reporter-output>
          </reporter-output>
        </test-method> <!-- teardown -->
      </class> <!-- com.test.ohrm.testcases.myInfoTest -->
      <class name="com.test.ohrm.testcases.loginPageTest">
        <test-method is-config="true" signature="setup()[pri:0, instance:com.test.ohrm.testcases.loginPageTest@6f3b5d16]" started-at="2026-07-07T15:11:30 IST" name="setup" finished-at="2026-07-07T15:12:05 IST" duration-ms="35321" status="PASS">
          <reporter-output>
          </reporter-output>
        </test-method> <!-- setup -->
        <test-method signature="loginPageTitleTest()[pri:1, instance:com.test.ohrm.testcases.loginPageTest@6f3b5d16]" started-at="2026-07-07T15:12:05 IST" name="loginPageTitleTest" finished-at="2026-07-07T15:12:05 IST" duration-ms="11" status="PASS">
          <reporter-output>
          </reporter-output>
        </test-method> <!-- loginPageTitleTest -->
        <test-method is-config="true" signature="teardown()[pri:0, instance:com.test.ohrm.testcases.loginPageTest@6f3b5d16]" started-at="2026-07-07T15:12:05 IST" name="teardown" finished-at="2026-07-07T15:12:06 IST" duration-ms="206" status="PASS">
          <reporter-output>
          </reporter-output>
        </test-method> <!-- teardown -->
        <test-method is-config="true" signature="setup()[pri:0, instance:com.test.ohrm.testcases.loginPageTest@6f3b5d16]" started-at="2026-07-07T15:12:06 IST" name="setup" finished-at="2026-07-07T15:12:54 IST" duration-ms="47996" status="PASS">
          <reporter-output>
          </reporter-output>
        </test-method> <!-- setup -->
        <test-method signature="ohrmLogoTest()[pri:2, instance:com.test.ohrm.testcases.loginPageTest@6f3b5d16]" started-at="2026-07-07T15:12:54 IST" name="ohrmLogoTest" finished-at="2026-07-07T15:12:55 IST" duration-ms="1303" status="FAIL">
          <exception class="java.lang.AssertionError">
            <message>
              <![CDATA[expected [true] but found [false]]]>
            </message>
            <full-stacktrace>
              <![CDATA[java.lang.AssertionError: expected [true] but found [false]
at org.testng.Assert.fail(Assert.java:111)
at org.testng.Assert.failNotEquals(Assert.java:1578)
at org.testng.Assert.assertTrue(Assert.java:57)
at org.testng.Assert.assertTrue(Assert.java:67)
at com.test.ohrm.testcases.loginPageTest.ohrmLogoTest(loginPageTest.java:37)
at java.base/jdk.internal.reflect.DirectMethodHandleAccessor.invoke(DirectMethodHandleAccessor.java:104)
at java.base/java.lang.reflect.Method.invoke(Method.java:565)
at org.testng.internal.invokers.MethodInvocationHelper.invokeMethod(MethodInvocationHelper.java:139)
at org.testng.internal.invokers.TestInvoker.invokeMethod(TestInvoker.java:664)
at org.testng.internal.invokers.TestInvoker.invokeTestMethod(TestInvoker.java:228)
at org.testng.internal.invokers.MethodRunner.runInSequence(MethodRunner.java:63)
at org.testng.internal.invokers.TestInvoker$MethodInvocationAgent.invoke(TestInvoker.java:961)
at org.testng.internal.invokers.TestInvoker.invokeTestMethods(TestInvoker.java:201)
at org.testng.internal.invokers.TestMethodWorker.invokeTestMethods(TestMethodWorker.java:148)
at org.testng.internal.invokers.TestMethodWorker.run(TestMethodWorker.java:128)
at java.base/java.util.ArrayList.forEach(ArrayList.java:1604)
at org.testng.TestRunner.privateRun(TestRunner.java:819)
at org.testng.TestRunner.run(TestRunner.java:619)
at org.testng.SuiteRunner.runTest(SuiteRunner.java:443)
at org.testng.SuiteRunner.runSequentially(SuiteRunner.java:437)
at org.testng.SuiteRunner.privateRun(SuiteRunner.java:397)
at org.testng.SuiteRunner.run(SuiteRunner.java:336)
at org.testng.SuiteRunnerWorker.runSuite(SuiteRunnerWorker.java:52)
at org.testng.SuiteRunnerWorker.run(SuiteRunnerWorker.java:95)
at org.testng.TestNG.runSuitesSequentially(TestNG.java:1301)
at org.testng.TestNG.runSuitesLocally(TestNG.java:1228)
at org.testng.TestNG.runSuites(TestNG.java:1134)
at org.testng.TestNG.run(TestNG.java:1101)
at org.apache.maven.surefire.testng.TestNGExecutor.run(TestNGExecutor.java:155)
at org.apache.maven.surefire.testng.TestNGDirectoryTestSuite.executeMulti(TestNGDirectoryTestSuite.java:169)
at org.apache.maven.surefire.testng.TestNGDirectoryTestSuite.execute(TestNGDirectoryTestSuite.java:88)
at org.apache.maven.surefire.testng.TestNGProvider.invoke(TestNGProvider.java:137)
at org.apache.maven.surefire.booter.ForkedBooter.runSuitesInProcess(ForkedBooter.java:385)
at org.apache.maven.surefire.booter.ForkedBooter.execute(ForkedBooter.java:162)
at org.apache.maven.surefire.booter.ForkedBooter.run(ForkedBooter.java:507)
at org.apache.maven.surefire.booter.ForkedBooter.main(ForkedBooter.java:495)
]]>
            </full-stacktrace>
          </exception> <!-- java.lang.AssertionError -->
          <reporter-output>
          </reporter-output>
        </test-method> <!-- ohrmLogoTest -->
        <test-method is-config="true" signature="teardown()[pri:0, instance:com.test.ohrm.testcases.loginPageTest@6f3b5d16]" started-at="2026-07-07T15:12:55 IST" name="teardown" finished-at="2026-07-07T15:12:55 IST" duration-ms="204" status="PASS">
          <reporter-output>
          </reporter-output>
        </test-method> <!-- teardown -->
        <test-method is-config="true" signature="setup()[pri:0, instance:com.test.ohrm.testcases.loginPageTest@6f3b5d16]" started-at="2026-07-07T15:12:55 IST" name="setup" finished-at="2026-07-07T15:13:25 IST" duration-ms="29932" status="PASS">
          <reporter-output>
          </reporter-output>
        </test-method> <!-- setup -->
        <test-method signature="loginTest()[pri:3, instance:com.test.ohrm.testcases.loginPageTest@6f3b5d16]" started-at="2026-07-07T15:13:25 IST" name="loginTest" finished-at="2026-07-07T15:13:27 IST" duration-ms="1974" status="PASS">
          <reporter-output>
          </reporter-output>
        </test-method> <!-- loginTest -->
        <test-method is-config="true" signature="teardown()[pri:0, instance:com.test.ohrm.testcases.loginPageTest@6f3b5d16]" started-at="2026-07-07T15:13:27 IST" name="teardown" finished-at="2026-07-07T15:13:27 IST" duration-ms="217" status="PASS">
          <reporter-output>
          </reporter-output>
        </test-method> <!-- teardown -->
      </class> <!-- com.test.ohrm.testcases.loginPageTest -->
    </test> <!-- Surefire test -->
  </suite> <!-- Surefire suite -->
</testng-results>
