<?xml version="1.0" encoding="UTF-8"?>
<testng-results ignored="0" total="8" passed="7" failed="1" skipped="0">
  <reporter-output>
  </reporter-output>
  <suite started-at="2026-07-07T01:59:17 IST" name="Orange HRM Application Test Automation Suite" finished-at="2026-07-07T02:01:10 IST" duration-ms="113611">
    <groups>
    </groups>
    <test started-at="2026-07-07T01:59:17 IST" name="Orange HRM App Test" finished-at="2026-07-07T02:01:10 IST" duration-ms="113611">
      <class name="com.test.ohrm.testcases.homePageTest">
        <test-method is-config="true" signature="setup()[pri:0, instance:com.test.ohrm.testcases.homePageTest@6743e411]" started-at="2026-07-07T01:59:55 IST" name="setup" finished-at="2026-07-07T02:00:06 IST" duration-ms="10356" status="PASS">
          <reporter-output>
          </reporter-output>
        </test-method> <!-- setup -->
        <test-method signature="verifyHomePageTitleTest()[pri:0, instance:com.test.ohrm.testcases.homePageTest@6743e411]" started-at="2026-07-07T02:00:06 IST" name="verifyHomePageTitleTest" finished-at="2026-07-07T02:00:07 IST" duration-ms="1220" status="PASS">
          <reporter-output>
          </reporter-output>
        </test-method> <!-- verifyHomePageTitleTest -->
        <test-method is-config="true" signature="teardown()[pri:0, instance:com.test.ohrm.testcases.homePageTest@6743e411]" started-at="2026-07-07T02:00:07 IST" name="teardown" finished-at="2026-07-07T02:00:07 IST" duration-ms="247" status="PASS">
          <reporter-output>
          </reporter-output>
        </test-method> <!-- teardown -->
        <test-method is-config="true" signature="setup()[pri:0, instance:com.test.ohrm.testcases.homePageTest@6743e411]" started-at="2026-07-07T02:00:07 IST" name="setup" finished-at="2026-07-07T02:00:17 IST" duration-ms="9479" status="PASS">
          <reporter-output>
          </reporter-output>
        </test-method> <!-- setup -->
        <test-method signature="validateHomePageDashboardIconTest()[pri:1, instance:com.test.ohrm.testcases.homePageTest@6743e411]" started-at="2026-07-07T02:00:17 IST" name="validateHomePageDashboardIconTest" finished-at="2026-07-07T02:00:17 IST" duration-ms="498" status="PASS">
          <reporter-output>
          </reporter-output>
        </test-method> <!-- validateHomePageDashboardIconTest -->
        <test-method is-config="true" signature="teardown()[pri:0, instance:com.test.ohrm.testcases.homePageTest@6743e411]" started-at="2026-07-07T02:00:17 IST" name="teardown" finished-at="2026-07-07T02:00:18 IST" duration-ms="287" status="PASS">
          <reporter-output>
          </reporter-output>
        </test-method> <!-- teardown -->
        <test-method is-config="true" signature="setup()[pri:0, instance:com.test.ohrm.testcases.homePageTest@6743e411]" started-at="2026-07-07T02:00:18 IST" name="setup" finished-at="2026-07-07T02:00:27 IST" duration-ms="9258" status="PASS">
          <reporter-output>
          </reporter-output>
        </test-method> <!-- setup -->
        <test-method signature="validateAdminButtonTest()[pri:2, instance:com.test.ohrm.testcases.homePageTest@6743e411]" started-at="2026-07-07T02:00:27 IST" name="validateAdminButtonTest" finished-at="2026-07-07T02:00:28 IST" duration-ms="1557" status="PASS">
          <reporter-output>
          </reporter-output>
        </test-method> <!-- validateAdminButtonTest -->
        <test-method is-config="true" signature="teardown()[pri:0, instance:com.test.ohrm.testcases.homePageTest@6743e411]" started-at="2026-07-07T02:00:28 IST" name="teardown" finished-at="2026-07-07T02:00:29 IST" duration-ms="257" status="PASS">
          <reporter-output>
          </reporter-output>
        </test-method> <!-- teardown -->
        <test-method is-config="true" signature="setup()[pri:0, instance:com.test.ohrm.testcases.homePageTest@6743e411]" started-at="2026-07-07T02:00:29 IST" name="setup" finished-at="2026-07-07T02:00:38 IST" duration-ms="8917" status="PASS">
          <reporter-output>
          </reporter-output>
        </test-method> <!-- setup -->
        <test-method signature="inputSearchTextAndVerifyTest()[pri:3, instance:com.test.ohrm.testcases.homePageTest@6743e411]" started-at="2026-07-07T02:00:38 IST" name="inputSearchTextAndVerifyTest" finished-at="2026-07-07T02:00:39 IST" duration-ms="1839" status="PASS">
          <reporter-output>
          </reporter-output>
        </test-method> <!-- inputSearchTextAndVerifyTest -->
        <test-method is-config="true" signature="teardown()[pri:0, instance:com.test.ohrm.testcases.homePageTest@6743e411]" started-at="2026-07-07T02:00:39 IST" name="teardown" finished-at="2026-07-07T02:00:40 IST" duration-ms="240" status="PASS">
          <reporter-output>
          </reporter-output>
        </test-method> <!-- teardown -->
      </class> <!-- com.test.ohrm.testcases.homePageTest -->
      <class name="com.test.ohrm.testcases.myInfoTest">
        <test-method is-config="true" signature="setup()[pri:0, instance:com.test.ohrm.testcases.myInfoTest@3eb25e1a]" started-at="2026-07-07T02:00:41 IST" name="setup" finished-at="2026-07-07T02:00:51 IST" duration-ms="9723" status="PASS">
          <reporter-output>
          </reporter-output>
        </test-method> <!-- setup -->
        <test-method signature="enterInfo(java.lang.String,java.lang.String)[pri:0, instance:com.test.ohrm.testcases.myInfoTest@3eb25e1a]" started-at="2026-07-07T02:00:51 IST" name="enterInfo" data-provider="getTestData" finished-at="2026-07-07T02:01:08 IST" duration-ms="17205" status="PASS">
          <params>
            <param index="0">
              <value>
                <![CDATA[Sanky]]>
              </value>
            </param>
            <param index="1">
              <value>
                <![CDATA[Panky]]>
              </value>
            </param>
          </params>
          <reporter-output>
          </reporter-output>
        </test-method> <!-- enterInfo -->
        <test-method is-config="true" signature="teardown()[pri:0, instance:com.test.ohrm.testcases.myInfoTest@3eb25e1a]" started-at="2026-07-07T02:01:08 IST" name="teardown" finished-at="2026-07-07T02:01:10 IST" duration-ms="2508" status="PASS">
          <reporter-output>
          </reporter-output>
        </test-method> <!-- teardown -->
      </class> <!-- com.test.ohrm.testcases.myInfoTest -->
      <class name="com.test.ohrm.testcases.loginPageTest">
        <test-method is-config="true" signature="setup()[pri:0, instance:com.test.ohrm.testcases.loginPageTest@639c2c1d]" started-at="2026-07-07T01:59:17 IST" name="setup" finished-at="2026-07-07T01:59:33 IST" duration-ms="16235" status="PASS">
          <reporter-output>
          </reporter-output>
        </test-method> <!-- setup -->
        <test-method signature="loginPageTitleTest()[pri:1, instance:com.test.ohrm.testcases.loginPageTest@639c2c1d]" started-at="2026-07-07T01:59:33 IST" name="loginPageTitleTest" finished-at="2026-07-07T01:59:33 IST" duration-ms="36" status="PASS">
          <reporter-output>
          </reporter-output>
        </test-method> <!-- loginPageTitleTest -->
        <test-method is-config="true" signature="teardown()[pri:0, instance:com.test.ohrm.testcases.loginPageTest@639c2c1d]" started-at="2026-07-07T01:59:33 IST" name="teardown" finished-at="2026-07-07T01:59:33 IST" duration-ms="292" status="PASS">
          <reporter-output>
          </reporter-output>
        </test-method> <!-- teardown -->
        <test-method is-config="true" signature="setup()[pri:0, instance:com.test.ohrm.testcases.loginPageTest@639c2c1d]" started-at="2026-07-07T01:59:33 IST" name="setup" finished-at="2026-07-07T01:59:43 IST" duration-ms="9052" status="PASS">
          <reporter-output>
          </reporter-output>
        </test-method> <!-- setup -->
        <test-method signature="ohrmLogoTest()[pri:2, instance:com.test.ohrm.testcases.loginPageTest@639c2c1d]" started-at="2026-07-07T01:59:43 IST" name="ohrmLogoTest" finished-at="2026-07-07T01:59:45 IST" duration-ms="2908" status="FAIL">
          <exception class="java.lang.AssertionError">
            <message>
              <![CDATA[expected [true] but found [false]]]>
            </message>
            <full-stacktrace>
              <![CDATA[java.lang.AssertionError: expected [true] but found [false]
at org.testng.Assert.fail(Assert.java:111)
at org.testng.Assert.failNotEquals(Assert.java:1578)
at org.testng.Assert.assertTrue(Assert.java:57)
at org.testng.Assert.assertTrue(Assert.java:67)
at com.test.ohrm.testcases.loginPageTest.ohrmLogoTest(loginPageTest.java:37)
at java.base/jdk.internal.reflect.DirectMethodHandleAccessor.invoke(DirectMethodHandleAccessor.java:103)
at java.base/java.lang.reflect.Method.invoke(Method.java:580)
at org.testng.internal.invokers.MethodInvocationHelper.invokeMethod(MethodInvocationHelper.java:139)
at org.testng.internal.invokers.TestInvoker.invokeMethod(TestInvoker.java:664)
at org.testng.internal.invokers.TestInvoker.invokeTestMethod(TestInvoker.java:228)
at org.testng.internal.invokers.MethodRunner.runInSequence(MethodRunner.java:63)
at org.testng.internal.invokers.TestInvoker$MethodInvocationAgent.invoke(TestInvoker.java:961)
at org.testng.internal.invokers.TestInvoker.invokeTestMethods(TestInvoker.java:201)
at org.testng.internal.invokers.TestMethodWorker.invokeTestMethods(TestMethodWorker.java:148)
at org.testng.internal.invokers.TestMethodWorker.run(TestMethodWorker.java:128)
at java.base/java.util.ArrayList.forEach(ArrayList.java:1596)
at org.testng.TestRunner.privateRun(TestRunner.java:819)
at org.testng.TestRunner.run(TestRunner.java:619)
at org.testng.SuiteRunner.runTest(SuiteRunner.java:443)
at org.testng.SuiteRunner.runSequentially(SuiteRunner.java:437)
at org.testng.SuiteRunner.privateRun(SuiteRunner.java:397)
at org.testng.SuiteRunner.run(SuiteRunner.java:336)
at org.testng.SuiteRunnerWorker.runSuite(SuiteRunnerWorker.java:52)
at org.testng.SuiteRunnerWorker.run(SuiteRunnerWorker.java:95)
at org.testng.TestNG.runSuitesSequentially(TestNG.java:1301)
at org.testng.TestNG.runSuitesLocally(TestNG.java:1228)
at org.testng.TestNG.runSuites(TestNG.java:1134)
at org.testng.TestNG.run(TestNG.java:1101)
at org.testng.remote.AbstractRemoteTestNG.run(AbstractRemoteTestNG.java:115)
at org.testng.remote.RemoteTestNG.initAndRun(RemoteTestNG.java:293)
at org.testng.remote.RemoteTestNG.main(RemoteTestNG.java:91)
]]>
            </full-stacktrace>
          </exception> <!-- java.lang.AssertionError -->
          <reporter-output>
          </reporter-output>
        </test-method> <!-- ohrmLogoTest -->
        <test-method is-config="true" signature="teardown()[pri:0, instance:com.test.ohrm.testcases.loginPageTest@639c2c1d]" started-at="2026-07-07T01:59:45 IST" name="teardown" finished-at="2026-07-07T01:59:46 IST" duration-ms="354" status="PASS">
          <reporter-output>
          </reporter-output>
        </test-method> <!-- teardown -->
        <test-method is-config="true" signature="setup()[pri:0, instance:com.test.ohrm.testcases.loginPageTest@639c2c1d]" started-at="2026-07-07T01:59:46 IST" name="setup" finished-at="2026-07-07T01:59:54 IST" duration-ms="8163" status="PASS">
          <reporter-output>
          </reporter-output>
        </test-method> <!-- setup -->
        <test-method signature="loginTest()[pri:3, instance:com.test.ohrm.testcases.loginPageTest@639c2c1d]" started-at="2026-07-07T01:59:54 IST" name="loginTest" finished-at="2026-07-07T01:59:55 IST" duration-ms="1225" status="PASS">
          <reporter-output>
          </reporter-output>
        </test-method> <!-- loginTest -->
        <test-method is-config="true" signature="teardown()[pri:0, instance:com.test.ohrm.testcases.loginPageTest@639c2c1d]" started-at="2026-07-07T01:59:55 IST" name="teardown" finished-at="2026-07-07T01:59:55 IST" duration-ms="271" status="PASS">
          <reporter-output>
          </reporter-output>
        </test-method> <!-- teardown -->
      </class> <!-- com.test.ohrm.testcases.loginPageTest -->
    </test> <!-- Orange HRM App Test -->
  </suite> <!-- Orange HRM Application Test Automation Suite -->
</testng-results>
