<?xml version="1.0" encoding="UTF-8"?>
<!-- Generated by org.testng.reporters.JUnitReportReporter -->
<testsuite hostname="DESKTOP-4MDKA1R" failures="0" tests="4" name="com.test.ohrm.testcases.homePageTest" time="44.155" errors="0" timestamp="2026-07-07T02:01:12 IST" skipped="0">
  <testcase classname="com.test.ohrm.testcases.homePageTest" name="verifyHomePageTitleTest" time="10.986"/>
  <testcase classname="com.test.ohrm.testcases.homePageTest" name="validateHomePageDashboardIconTest" time="11.094"/>
  <testcase classname="com.test.ohrm.testcases.homePageTest" name="validateAdminButtonTest" time="11.062"/>
  <testcase classname="com.test.ohrm.testcases.homePageTest" name="inputSearchTextAndVerifyTest" time="11.013"/>
</testsuite> <!-- com.test.ohrm.testcases.homePageTest -->
