<?xml version="1.0" encoding="UTF-8"?>
<!-- Generated by org.testng.reporters.JUnitReportReporter -->
<testsuite hostname="DESKTOP-4MDKA1R" failures="0" tests="4" name="com.test.ohrm.testcases.homePageTest" time="63.956" errors="0" timestamp="2026-07-07T12:44:29 IST" skipped="0">
  <testcase classname="com.test.ohrm.testcases.homePageTest" name="verifyHomePageTitleTest" time="16.729"/>
  <testcase classname="com.test.ohrm.testcases.homePageTest" name="validateHomePageDashboardIconTest" time="22.484"/>
  <testcase classname="com.test.ohrm.testcases.homePageTest" name="validateAdminButtonTest" time="9.632"/>
  <testcase classname="com.test.ohrm.testcases.homePageTest" name="inputSearchTextAndVerifyTest" time="15.111"/>
</testsuite> <!-- com.test.ohrm.testcases.homePageTest -->
