<?xml version="1.0" encoding="UTF-8"?>
<!-- Generated by org.testng.reporters.JUnitReportReporter -->
<testsuite hostname="DESKTOP-4MDKA1R" failures="0" tests="4" name="com.test.ohrm.testcases.homePageTest" time="234.373" errors="0" timestamp="2026-07-07T15:14:35 IST" skipped="0">
  <testcase classname="com.test.ohrm.testcases.homePageTest" name="verifyHomePageTitleTest" time="47.553"/>
  <testcase classname="com.test.ohrm.testcases.homePageTest" name="validateHomePageDashboardIconTest" time="55.874"/>
  <testcase classname="com.test.ohrm.testcases.homePageTest" name="validateAdminButtonTest" time="53.296"/>
  <testcase classname="com.test.ohrm.testcases.homePageTest" name="inputSearchTextAndVerifyTest" time="77.650"/>
</testsuite> <!-- com.test.ohrm.testcases.homePageTest -->
