<?xml version="1.0" encoding="UTF-8"?>
<!-- Generated by org.testng.reporters.JUnitXMLReporter -->
<testsuite ignored="0" hostname="DESKTOP-4MDKA1R" failures="1" tests="8" name="Orange HRM App Test" time="113.611" errors="0" timestamp="2026-07-07T02:01:10 IST">
  <testcase classname="com.test.ohrm.testcases.loginPageTest" name="loginPageTitleTest" time="0.036"/>
  <testcase classname="com.test.ohrm.testcases.loginPageTest" name="ohrmLogoTest" time="2.908">
    <failure type="java.lang.AssertionError" message="expected [true] but found [false]">
      <![CDATA[java.lang.AssertionError: expected [true] but found [false]
at com.test.ohrm.testcases.loginPageTest.ohrmLogoTest(loginPageTest.java:37)
at java.base/java.util.ArrayList.forEach(ArrayList.java:1596)
... Removed 29 stack frames]]>
    </failure>
  </testcase> <!-- ohrmLogoTest -->
  <testcase classname="com.test.ohrm.testcases.loginPageTest" name="loginTest" time="1.225"/>
  <testcase classname="com.test.ohrm.testcases.homePageTest" name="verifyHomePageTitleTest" time="1.22"/>
  <testcase classname="com.test.ohrm.testcases.homePageTest" name="validateHomePageDashboardIconTest" time="0.498"/>
  <testcase classname="com.test.ohrm.testcases.homePageTest" name="validateAdminButtonTest" time="1.557"/>
  <testcase classname="com.test.ohrm.testcases.homePageTest" name="inputSearchTextAndVerifyTest" time="1.839"/>
  <testcase classname="com.test.ohrm.testcases.myInfoTest" name="enterInfo" time="17.205"/>
</testsuite> <!-- Orange HRM App Test -->
